4931 : 2022-06-03 06:01:17,496 : INFO : telemetry.main : Attempt start. Configuration directory [/root/.azure].
4931 : 2022-06-03 06:01:17,496 : INFO : telemetry.check : Positive: The /root/.azure/telemetry.txt does not exist.
4931 : 2022-06-03 06:01:17,496 : DEBUG : telemetry.note : acquiring lock
4931 : 2022-06-03 06:01:17,496 : DEBUG : telemetry.note : acquired lock
4931 : 2022-06-03 06:01:17,496 : INFO : telemetry.note : Update the note mtime to 2022-06-03 06:01:17.496560
4931 : 2022-06-03 06:01:17,496 : WARNING : telemetry.note : Fail to parse or read the timestamp 'N/A' in the note file. Set the last send time to minimal. Reason: not readable
4931 : 2022-06-03 06:01:17,496 : INFO : telemetry.records : No cache to be uploaded.
4931 : 2022-06-03 06:01:17,496 : INFO : telemetry.client : Accumulated 0 events. Flush the clients.
4931 : 2022-06-03 06:01:17,496 : INFO : telemetry.note : Update the last send in note to 0001-01-01 00:00:00
4931 : 2022-06-03 06:01:17,497 : INFO : telemetry.note : Update the note mtime to 2022-06-03 06:01:17.497029
4933 : 2022-06-03 06:01:17,572 : INFO : telemetry.main : Attempt start. Configuration directory [/root/.azure].
4933 : 2022-06-03 06:01:17,572 : WARNING : telemetry.check : Negative: The /root/.azure/telemetry.txt was modified at 2022-06-03 06:01:17.497029, which in less than 600.000000 s
4933 : 2022-06-03 06:01:17,572 : INFO : telemetry.main : Exit early. The note file indicates it is not a suitable time to upload telemetry.
7940 : 2022-06-03 06:14:21,801 : INFO : telemetry.main : Attempt start. Configuration directory [/root/.azure].
7940 : 2022-06-03 06:14:21,801 : INFO : telemetry.check : Returns Positive.
7940 : 2022-06-03 06:14:21,801 : DEBUG : telemetry.note : acquiring lock
7940 : 2022-06-03 06:14:21,801 : DEBUG : telemetry.note : acquired lock
7940 : 2022-06-03 06:14:21,802 : INFO : telemetry.note : Update the note mtime to 2022-06-03 06:14:21.801996
7940 : 2022-06-03 06:14:21,803 : WARNING : telemetry.note : Fail to parse or read the timestamp '1-01-01T00:00:00' in the note file. Set the last send time to minimal. Reason: time data '1-01-01T00:00:00' does not match format '%Y-%m-%dT%H:%M:%S'
7940 : 2022-06-03 06:14:21,803 : INFO : telemetry.records : No cache to be uploaded.
7940 : 2022-06-03 06:14:21,803 : INFO : telemetry.client : Accumulated 0 events. Flush the clients.
7940 : 2022-06-03 06:14:21,803 : INFO : telemetry.note : Update the last send in note to 0001-01-01 00:00:00
7940 : 2022-06-03 06:14:21,803 : INFO : telemetry.note : Update the note mtime to 2022-06-03 06:14:21.803967
8654 : 2022-06-03 06:39:02,926 : INFO : telemetry.main : Attempt start. Configuration directory [/root/.azure].
8654 : 2022-06-03 06:39:02,926 : INFO : telemetry.check : Returns Positive.
8654 : 2022-06-03 06:39:02,926 : DEBUG : telemetry.note : acquiring lock
8654 : 2022-06-03 06:39:02,927 : DEBUG : telemetry.note : acquired lock
8654 : 2022-06-03 06:39:02,927 : INFO : telemetry.note : Update the note mtime to 2022-06-03 06:39:02.927096
8654 : 2022-06-03 06:39:02,928 : WARNING : telemetry.note : Fail to parse or read the timestamp '1-01-01T00:00:00' in the note file. Set the last send time to minimal. Reason: time data '1-01-01T00:00:00' does not match format '%Y-%m-%dT%H:%M:%S'
8654 : 2022-06-03 06:39:02,928 : INFO : telemetry.records : No cache to be uploaded.
8654 : 2022-06-03 06:39:02,928 : INFO : telemetry.client : Accumulated 0 events. Flush the clients.
8654 : 2022-06-03 06:39:02,929 : INFO : telemetry.note : Update the last send in note to 0001-01-01 00:00:00
8654 : 2022-06-03 06:39:02,929 : INFO : telemetry.note : Update the note mtime to 2022-06-03 06:39:02.929181
